<?xml version="1.0" encoding="UTF-8"?>
<!-- Generated by org.testng.reporters.JUnitReportReporter -->
<testsuite hostname="harinders-air.lan" failures="0" tests="3" name="com.crm.qa.testcases.LoginPageTest" time="33.637" errors="0" timestamp="2022-11-11T23:32:20 EST" skipped="0">
  <testcase classname="com.crm.qa.testcases.LoginPageTest" name="loginPageTitkeTest" time="8.672"/>
  <system-out/>
  <testcase classname="com.crm.qa.testcases.LoginPageTest" name="crmLogoImageTest" time="8.347"/>
  <system-out/>
  <testcase classname="com.crm.qa.testcases.LoginPageTest" name="loginTest" time="16.618"/>
  <system-out/>
</testsuite> <!-- com.crm.qa.testcases.LoginPageTest -->
