<?xml version="1.0" encoding="UTF-8"?>
<!-- Generated by org.testng.reporters.JUnitReportReporter -->
<testsuite hostname="harinders-air.lan" failures="0" tests="3" name="com.crm.qa.testcases.HomePageTest" time="42.866" errors="0" timestamp="2022-11-11T19:03:37 EST" skipped="0">
  <testcase classname="com.crm.qa.testcases.HomePageTest" name="verifyHomePageTitle" time="13.504"/>
  <system-out/>
  <testcase classname="com.crm.qa.testcases.HomePageTest" name="verifyUserNameTest" time="14.167"/>
  <system-out/>
  <testcase classname="com.crm.qa.testcases.HomePageTest" name="verifyContactsLinkText" time="15.195"/>
  <system-out/>
</testsuite> <!-- com.crm.qa.testcases.HomePageTest -->
